<?xml version="1.0" ?><codeBook xmlns="http://www.icpsr.umich.edu/DDI" version="2.0"><stdDscr><titlStmt><titl>1</titl><IDNo agency="doi">2</IDNo><rspStmt><AuthEnty>3</AuthEnty></rspStmt><biblCit>4</biblCit></titlStmt></stdDscr><fileDscr><fileTxt><fileName>5</fileName><dimensns><caseQnty>2289</caseQnty><varQnty>87</varQnty></dimensns><fileType>text/tab-separated-values</fileType></fileTxt></fileDscr><dataDscr><var ID="v0" name="agency"><location fileid="f"></location><labl level="variable">agency</labl><sumStat type="min">1.0</sumStat><sumStat type="invd">0.0</sumStat><sumStat type="mode">0.0</sumStat><sumStat type="medn">22.5</sumStat><sumStat type="mean">23.522727272726886</sumStat><sumStat type="stdev">13.942019016771548</sumStat><sumStat type="max">50.0</sumStat><sumStat type="vald">2288.0</sumStat><varFormat type="numeric"></varFormat></var><var ID="v1" name="agencyname"><location fileid="f"></location><labl level="variable">agencyname</labl><varFormat type="character"></varFormat></var><var ID="v2" name="year"><location fileid="f"></location><labl level="variable">year</labl><sumStat type="min">1995.0</sumStat><sumStat type="invd">0.0</sumStat><sumStat type="mode">0.0</sumStat><sumStat type="medn">2001.0</sumStat><sumStat type="mean">2001.0</sumStat><sumStat type="stdev">3.7424753247849742</sumStat><sumStat type="max">2007.0</sumStat><sumStat type="vald">2288.0</sumStat><varFormat type="numeric"></varFormat></var><var ID="v3" name="quarter"><location fileid="f"></location><labl level="variable">quarter</labl><sumStat type="min">1.0</sumStat><sumStat type="invd">0.0</sumStat><sumStat type="mode">0.0</sumStat><sumStat type="medn">2.5</sumStat><sumStat type="mean">2.5</sumStat><sumStat type="stdev">1.118278394477757</sumStat><sumStat type="max">4.0</sumStat><sumStat type="vald">2288.0</sumStat><varFormat type="numeric"></varFormat></var><var ID="v4" name="tq"><location fileid="f"></location><labl level="variable">tq</labl><sumStat type="min">1.0</sumStat><sumStat type="invd">0.0</sumStat><sumStat type="mode">0.0</sumStat><sumStat type="medn">26.5</sumStat><sumStat type="mean">26.5</sumStat><sumStat type="stdev">15.011611887920168</sumStat><sumStat type="max">52.0</sumStat><sumStat type="vald">2288.0</sumStat><varFormat type="numeric"></varFormat></var><var ID="v5" name="tq2"><location fileid="f"></location><labl level="variable">tq2</labl><sumStat type="min">1.0</sumStat><sumStat type="invd">0.0</sumStat><sumStat type="mode">0.0</sumStat><sumStat type="medn">702.5</sumStat><sumStat type="mean">927.5</sumStat><sumStat type="stdev">820.7110581772548</sumStat><sumStat type="max">2704.0</sumStat><sumStat type="vald">2288.0</sumStat><varFormat type="numeric"></varFormat></var><var ID="v6" name="ty"><location fileid="f"></location><labl level="variable">ty</labl><sumStat type="min">1.0</sumStat><sumStat type="invd">0.0</sumStat><sumStat type="mode">0.0</sumStat><sumStat type="medn">7.0</sumStat><sumStat type="mean">7.0</sumStat><sumStat type="stdev">3.7424753247849742</sumStat><sumStat type="max">13.0</sumStat><sumStat type="vald">2288.0</sumStat><varFormat type="numeric"></varFormat></var><var ID="v7" name="ty2"><location fileid="f"></location><labl level="variable">ty2</labl><sumStat type="min">1.0</sumStat><sumStat type="invd">0.0</sumStat><sumStat type="mode">0.0</sumStat><sumStat type="medn">49.0</sumStat><sumStat type="mean">63.0</sumStat><sumStat type="stdev">53.84484341347137</sumStat><sumStat type="max">169.0</sumStat><sumStat type="vald">2288.0</sumStat><varFormat type="numeric"></varFormat></var><var ID="v8" name="timequarterid"><location fileid="f"></location><labl level="variable">timequarterid</labl><sumStat type="min">1.0</sumStat><sumStat type="invd">0.0</sumStat><sumStat type="mode">0.0</sumStat><sumStat type="medn">26.5</sumStat><sumStat type="mean">26.5</sumStat><sumStat type="stdev">15.011611887920168</sumStat><sumStat type="max">52.0</sumStat><sumStat type="vald">2288.0</sumStat><varFormat type="numeric"></varFormat></var><var ID="v9" name="ndSignif_NPRM_count"><location fileid="f"></location><labl level="variable">ndSignif_NPRM_count</labl><sumStat type="min">0.0</sumStat><sumStat type="invd">0.0</sumStat><sumStat type="mode">0.0</sumStat><sumStat type="medn">0.0</sumStat><sumStat type="mean">0.9156468531468519</sumStat><sumStat type="stdev">1.6219849217630566</sumStat><sumStat type="max">12.0</sumStat><sumStat type="vald">2288.0</sumStat><varFormat type="numeric"></varFormat></var><var ID="v10" name="ndinsignifNPRM"><location fileid="f"></location><labl level="variable">ndinsignifNPRM</labl><sumStat type="min">0.0</sumStat><sumStat type="invd">0.0</sumStat><sumStat type="mode">0.0</sumStat><sumStat type="medn">1.0</sumStat><sumStat type="mean">2.5253496503496473</sumStat><sumStat type="stdev">4.63567890370346</sumStat><sumStat type="max">51.0</sumStat><sumStat type="vald">2288.0</sumStat><varFormat type="numeric"></varFormat></var><var ID="v11" name="Signif_NPRM_count"><location fileid="f"></location><labl level="variable">Signif_NPRM_count</labl><sumStat type="min">0.0</sumStat><sumStat type="invd">0.0</sumStat><sumStat type="mode">0.0</sumStat><sumStat type="medn">0.0</sumStat><sumStat type="mean">1.158216783216793</sumStat><sumStat type="stdev">2.0580475977260555</sumStat><sumStat type="max">14.0</sumStat><sumStat type="vald">2288.0</sumStat><varFormat type="numeric"></varFormat></var><var ID="v12" name="ndSignif_Final_count"><location fileid="f"></location><labl level="variable">ndSignif_Final_count</labl><sumStat type="min">0.0</sumStat><sumStat type="invd">0.0</sumStat><sumStat type="mode">0.0</sumStat><sumStat type="medn">0.0</sumStat><sumStat type="mean">0.7176573426573406</sumStat><sumStat type="stdev">1.4020421490589863</sumStat><sumStat type="max">16.0</sumStat><sumStat type="vald">2288.0</sumStat><varFormat type="numeric"></varFormat></var><var ID="v13" name="ndinsignifFinal"><location fileid="f"></location><labl level="variable">ndinsignifFinal</labl><sumStat type="min">0.0</sumStat><sumStat type="invd">0.0</sumStat><sumStat type="mode">0.0</sumStat><sumStat type="medn">1.0</sumStat><sumStat type="mean">2.1599650349649977</sumStat><sumStat type="stdev">4.023947379500273</sumStat><sumStat type="max">36.0</sumStat><sumStat type="vald">2288.0</sumStat><varFormat type="numeric"></varFormat></var><var ID="v14" name="Signif_Final_count"><location fileid="f"></location><labl level="variable">Signif_Final_count</labl><sumStat type="min">0.0</sumStat><sumStat type="invd">0.0</sumStat><sumStat type="mode">0.0</sumStat><sumStat type="medn">0.0</sumStat><sumStat type="mean">0.9296328671328531</sumStat><sumStat type="stdev">1.8067636239994374</sumStat><sumStat type="max">14.0</sumStat><sumStat type="vald">2288.0</sumStat><varFormat type="numeric"></varFormat></var><var ID="v15" name="priority"><location fileid="f"></location><labl level="variable">priority</labl><sumStat type="min">0.0</sumStat><sumStat type="invd">0.0</sumStat><sumStat type="mode">0.0</sumStat><sumStat type="medn">0.0</sumStat><sumStat type="mean">0.22377622377622822</sumStat><sumStat type="stdev">0.41686493815414327</sumStat><sumStat type="max">1.0</sumStat><sumStat type="vald">2288.0</sumStat><varFormat type="numeric"></varFormat></var><var ID="v16" name="alignedpresident"><location fileid="f"></location><labl level="variable">alignedpresident</labl><sumStat type="min">0.0</sumStat><sumStat type="invd">0.0</sumStat><sumStat type="mode">0.0</sumStat><sumStat type="medn">0.0</sumStat><sumStat type="mean">0.4527972027972049</sumStat><sumStat type="stdev">0.4978757226455977</sumStat><sumStat type="max">1.0</sumStat><sumStat type="vald">2288.0</sumStat><varFormat type="numeric"></varFormat></var><var ID="v17" name="transition"><location fileid="f"></location><labl level="variable">transition</labl><sumStat type="min">0.0</sumStat><sumStat type="invd">0.0</sumStat><sumStat type="mode">0.0</sumStat><sumStat type="medn">0.0</sumStat><sumStat type="mean">0.025641026346153853</sumStat><sumStat type="stdev">0.11031033360959525</sumStat><sumStat type="max">0.66666669</sumStat><sumStat type="vald">2288.0</sumStat><varFormat type="numeric"></varFormat></var><var ID="v18" name="midnight"><location fileid="f"></location><labl level="variable">midnight</labl><sumStat type="min">0.0</sumStat><sumStat type="invd">0.0</sumStat><sumStat type="mode">0.0</sumStat><sumStat type="medn">0.0</sumStat><sumStat type="mean">0.012820513076923078</sumStat><sumStat type="stdev">0.06411657840596144</sumStat><sumStat type="max">0.33333334</sumStat><sumStat type="vald">2288.0</sumStat><varFormat type="numeric"></varFormat></var><var ID="v19" name="oppsizeunity"><location fileid="f"></location><labl level="variable">oppsizeunity</labl><sumStat type="min">0.0</sumStat><sumStat type="invd">0.0</sumStat><sumStat type="mode">0.0</sumStat><sumStat type="medn">0.878061</sumStat><sumStat type="mean">0.8660625166258739</sumStat><sumStat type="stdev">0.34195140538303753</sumStat><sumStat type="max">1.2349403</sumStat><sumStat type="vald">2288.0</sumStat><varFormat type="numeric"></varFormat></var><var ID="v20" name="cong_agencydisagree"><location fileid="f"></location><labl level="variable">cong_agencydisagree</labl><sumStat type="min">0.0</sumStat><sumStat type="invd">0.0</sumStat><sumStat type="mode">0.0</sumStat><sumStat type="medn">0.0</sumStat><sumStat type="mean">0.40603146853146926</sumStat><sumStat type="stdev">0.4911978904825036</sumStat><sumStat type="max">1.0</sumStat><sumStat type="vald">2288.0</sumStat><varFormat type="numeric"></varFormat></var><var ID="v21" name="hearings_sentiment"><location fileid="f"></location><labl level="variable">hearings_sentiment</labl><varFormat type="character"></varFormat></var><var ID="v22" name="oversight_hearings"><location fileid="f"></location><labl level="variable">oversight_hearings</labl><sumStat type="min">0.0</sumStat><sumStat type="invd">0.0</sumStat><sumStat type="mode">0.0</sumStat><sumStat type="medn">2.0</sumStat><sumStat type="mean">10.935220362630972</sumStat><sumStat type="stdev">18.31733902222696</sumStat><sumStat type="max">130.0</sumStat><sumStat type="vald">2288.0</sumStat><varFormat type="numeric"></varFormat></var><var ID="v23" name="lncases"><location fileid="f"></location><labl level="variable">lncases</labl><sumStat type="min">0.0</sumStat><sumStat type="invd">0.0</sumStat><sumStat type="mode">0.0</sumStat><sumStat type="medn">1.4978661500000001</sumStat><sumStat type="mean">1.5774723197989429</sumStat><sumStat type="stdev">1.565891334243596</sumStat><sumStat type="max">11.655969</sumStat><sumStat type="vald">2288.0</sumStat><varFormat type="numeric"></varFormat></var><var ID="v24" name="lnsize"><location fileid="f"></location><labl level="variable">lnsize</labl><sumStat type="min">0.0</sumStat><sumStat type="invd">0.0</sumStat><sumStat type="mode">0.0</sumStat><sumStat type="medn">8.1994638</sumStat><sumStat type="mean">7.437342861451048</sumStat><sumStat type="stdev">3.7566295359518294</sumStat><sumStat type="max">12.495906</sumStat><sumStat type="vald">2288.0</sumStat><varFormat type="numeric"></varFormat></var><var ID="v25" name="cl_ideology"><location fileid="f"></location><labl level="variable">cl_ideology</labl><sumStat type="min">-1.6900001</sumStat><sumStat type="invd">0.0</sumStat><sumStat type="mode">0.0</sumStat><sumStat type="medn">0.07499999900000001</sumStat><sumStat type="mean">0.037639859139860156</sumStat><sumStat type="stdev">0.7894069342492908</sumStat><sumStat type="max">2.21</sumStat><sumStat type="vald">2288.0</sumStat><varFormat type="numeric"></varFormat></var><var ID="v26" name="cl_moderate"><location fileid="f"></location><labl level="variable">cl_moderate</labl><sumStat type="min">0.0</sumStat><sumStat type="invd">0.0</sumStat><sumStat type="mode">0.0</sumStat><sumStat type="medn">0.0</sumStat><sumStat type="mean">0.3631993006992987</sumStat><sumStat type="stdev">0.48102671362534327</sumStat><sumStat type="max">1.0</sumStat><sumStat type="vald">2288.0</sumStat><varFormat type="numeric"></varFormat></var><var ID="v27" name="independent"><location fileid="f"></location><labl level="variable">independent</labl><sumStat type="min">0.0</sumStat><sumStat type="invd">0.0</sumStat><sumStat type="mode">0.0</sumStat><sumStat type="medn">0.0</sumStat><sumStat type="mean">0.454982517482526</sumStat><sumStat type="stdev">0.49807816018308526</sumStat><sumStat type="max">1.0</sumStat><sumStat type="vald">2288.0</sumStat><varFormat type="numeric"></varFormat></var><var ID="v28" name="divided"><location fileid="f"></location><labl level="variable">divided</labl><sumStat type="min">0.0</sumStat><sumStat type="invd">0.0</sumStat><sumStat type="mode">0.0</sumStat><sumStat type="medn">1.0</sumStat><sumStat type="mean">0.6923076923076923</sumStat><sumStat type="stdev">0.46163935529013944</sumStat><sumStat type="max">1.0</sumStat><sumStat type="vald">2288.0</sumStat><varFormat type="numeric"></varFormat></var><var ID="v29" name="g1"><location fileid="f"></location><labl level="variable">g1</labl><sumStat type="min">0.0</sumStat><sumStat type="invd">0.0</sumStat><sumStat type="mode">0.0</sumStat><sumStat type="medn">0.0</sumStat><sumStat type="mean">0.02229020979021085</sumStat><sumStat type="stdev">0.14765800205515414</sumStat><sumStat type="max">1.0</sumStat><sumStat type="vald">2288.0</sumStat><varFormat type="numeric"></varFormat></var><var ID="v30" name="g2"><location fileid="f"></location><labl level="variable">g2</labl><sumStat type="min">0.0</sumStat><sumStat type="invd">0.0</sumStat><sumStat type="mode">0.0</sumStat><sumStat type="medn">0.0</sumStat><sumStat type="mean">0.02272727272727221</sumStat><sumStat type="stdev">0.14906527274726464</sumStat><sumStat type="max">1.0</sumStat><sumStat type="vald">2288.0</sumStat><varFormat type="numeric"></varFormat></var><var ID="v31" name="g3"><location fileid="f"></location><labl level="variable">g3</labl><sumStat type="min">0.0</sumStat><sumStat type="invd">0.0</sumStat><sumStat type="mode">0.0</sumStat><sumStat type="medn">0.0</sumStat><sumStat type="mean">0.02272727272727223</sumStat><sumStat type="stdev">0.14906527274726444</sumStat><sumStat type="max">1.0</sumStat><sumStat type="vald">2288.0</sumStat><varFormat type="numeric"></varFormat></var><var ID="v32" name="g4"><location fileid="f"></location><labl level="variable">g4</labl><sumStat type="min">0.0</sumStat><sumStat type="invd">0.0</sumStat><sumStat type="mode">0.0</sumStat><sumStat type="medn">0.0</sumStat><sumStat type="mean">0.022727272727272235</sumStat><sumStat type="stdev">0.14906527274726422</sumStat><sumStat type="max">1.0</sumStat><sumStat type="vald">2288.0</sumStat><varFormat type="numeric"></varFormat></var><var ID="v33" name="g5"><location fileid="f"></location><labl level="variable">g5</labl><sumStat type="min">0.0</sumStat><sumStat type="invd">0.0</sumStat><sumStat type="mode">0.0</sumStat><sumStat type="medn">0.0</sumStat><sumStat type="mean">0.022727272727272256</sumStat><sumStat type="stdev">0.149065272747264</sumStat><sumStat type="max">1.0</sumStat><sumStat type="vald">2288.0</sumStat><varFormat type="numeric"></varFormat></var><var ID="v34" name="g6"><location fileid="f"></location><labl level="variable">g6</labl><sumStat type="min">0.0</sumStat><sumStat type="invd">0.0</sumStat><sumStat type="mode">0.0</sumStat><sumStat type="medn">0.0</sumStat><sumStat type="mean">0.022727272727272273</sumStat><sumStat type="stdev">0.1490652727472638</sumStat><sumStat type="max">1.0</sumStat><sumStat type="vald">2288.0</sumStat><varFormat type="numeric"></varFormat></var><var ID="v35" name="g7"><location fileid="f"></location><labl level="variable">g7</labl><sumStat type="min">0.0</sumStat><sumStat type="invd">0.0</sumStat><sumStat type="mode">0.0</sumStat><sumStat type="medn">0.0</sumStat><sumStat type="mean">0.022727272727272294</sumStat><sumStat type="stdev">0.1490652727472636</sumStat><sumStat type="max">1.0</sumStat><sumStat type="vald">2288.0</sumStat><varFormat type="numeric"></varFormat></var><var ID="v36" name="g8"><location fileid="f"></location><labl level="variable">g8</labl><sumStat type="min">0.0</sumStat><sumStat type="invd">0.0</sumStat><sumStat type="mode">0.0</sumStat><sumStat type="medn">0.0</sumStat><sumStat type="mean">0.02272727272727231</sumStat><sumStat type="stdev">0.1490652727472634</sumStat><sumStat type="max">1.0</sumStat><sumStat type="vald">2288.0</sumStat><varFormat type="numeric"></varFormat></var><var ID="v37" name="g9"><location fileid="f"></location><labl level="variable">g9</labl><sumStat type="min">0.0</sumStat><sumStat type="invd">0.0</sumStat><sumStat type="mode">0.0</sumStat><sumStat type="medn">0.0</sumStat><sumStat type="mean">0.02272727272727231</sumStat><sumStat type="stdev">0.14906527274726317</sumStat><sumStat type="max">1.0</sumStat><sumStat type="vald">2288.0</sumStat><varFormat type="numeric"></varFormat></var><var ID="v38" name="g10"><location fileid="f"></location><labl level="variable">g10</labl><sumStat type="min">0.0</sumStat><sumStat type="invd">0.0</sumStat><sumStat type="mode">0.0</sumStat><sumStat type="medn">0.0</sumStat><sumStat type="mean">0.02272727272727231</sumStat><sumStat type="stdev">0.14906527274726297</sumStat><sumStat type="max">1.0</sumStat><sumStat type="vald">2288.0</sumStat><varFormat type="numeric"></varFormat></var><var ID="v39" name="g11"><location fileid="f"></location><labl level="variable">g11</labl><sumStat type="min">0.0</sumStat><sumStat type="invd">0.0</sumStat><sumStat type="mode">0.0</sumStat><sumStat type="medn">0.0</sumStat><sumStat type="mean">0.02272727272727231</sumStat><sumStat type="stdev">0.14906527274726275</sumStat><sumStat type="max">1.0</sumStat><sumStat type="vald">2288.0</sumStat><varFormat type="numeric"></varFormat></var><var ID="v40" name="g12"><location fileid="f"></location><labl level="variable">g12</labl><sumStat type="min">0.0</sumStat><sumStat type="invd">0.0</sumStat><sumStat type="mode">0.0</sumStat><sumStat type="medn">0.0</sumStat><sumStat type="mean">0.02272727272727231</sumStat><sumStat type="stdev">0.14906527274726253</sumStat><sumStat type="max">1.0</sumStat><sumStat type="vald">2288.0</sumStat><varFormat type="numeric"></varFormat></var><var ID="v41" name="g13"><location fileid="f"></location><labl level="variable">g13</labl><sumStat type="min">0.0</sumStat><sumStat type="invd">0.0</sumStat><sumStat type="mode">0.0</sumStat><sumStat type="medn">0.0</sumStat><sumStat type="mean">0.02272727272727231</sumStat><sumStat type="stdev">0.14906527274726233</sumStat><sumStat type="max">1.0</sumStat><sumStat type="vald">2288.0</sumStat><varFormat type="numeric"></varFormat></var><var ID="v42" name="g14"><location fileid="f"></location><labl level="variable">g14</labl><sumStat type="min">0.0</sumStat><sumStat type="invd">0.0</sumStat><sumStat type="mode">0.0</sumStat><sumStat type="medn">0.0</sumStat><sumStat type="mean">0.02272727272727231</sumStat><sumStat type="stdev">0.1490652727472621</sumStat><sumStat type="max">1.0</sumStat><sumStat type="vald">2288.0</sumStat><varFormat type="numeric"></varFormat></var><var ID="v43" name="g15"><location fileid="f"></location><labl level="variable">g15</labl><sumStat type="min">0.0</sumStat><sumStat type="invd">0.0</sumStat><sumStat type="mode">0.0</sumStat><sumStat type="medn">0.0</sumStat><sumStat type="mean">0.02272727272727231</sumStat><sumStat type="stdev">0.1490652727472619</sumStat><sumStat type="max">1.0</sumStat><sumStat type="vald">2288.0</sumStat><varFormat type="numeric"></varFormat></var><var ID="v44" name="g16"><location fileid="f"></location><labl level="variable">g16</labl><sumStat type="min">0.0</sumStat><sumStat type="invd">0.0</sumStat><sumStat type="mode">0.0</sumStat><sumStat type="medn">0.0</sumStat><sumStat type="mean">0.02272727272727231</sumStat><sumStat type="stdev">0.1490652727472617</sumStat><sumStat type="max">1.0</sumStat><sumStat type="vald">2288.0</sumStat><varFormat type="numeric"></varFormat></var><var ID="v45" name="g17"><location fileid="f"></location><labl level="variable">g17</labl><sumStat type="min">0.0</sumStat><sumStat type="invd">0.0</sumStat><sumStat type="mode">0.0</sumStat><sumStat type="medn">0.0</sumStat><sumStat type="mean">0.02272727272727231</sumStat><sumStat type="stdev">0.14906527274726147</sumStat><sumStat type="max">1.0</sumStat><sumStat type="vald">2288.0</sumStat><varFormat type="numeric"></varFormat></var><var ID="v46" name="g18"><location fileid="f"></location><labl level="variable">g18</labl><sumStat type="min">0.0</sumStat><sumStat type="invd">0.0</sumStat><sumStat type="mode">0.0</sumStat><sumStat type="medn">0.0</sumStat><sumStat type="mean">0.02272727272727231</sumStat><sumStat type="stdev">0.14906527274726128</sumStat><sumStat type="max">1.0</sumStat><sumStat type="vald">2288.0</sumStat><varFormat type="numeric"></varFormat></var><var ID="v47" name="g19"><location fileid="f"></location><labl level="variable">g19</labl><sumStat type="min">0.0</sumStat><sumStat type="invd">0.0</sumStat><sumStat type="mode">0.0</sumStat><sumStat type="medn">0.0</sumStat><sumStat type="mean">0.02272727272727231</sumStat><sumStat type="stdev">0.14906527274726106</sumStat><sumStat type="max">1.0</sumStat><sumStat type="vald">2288.0</sumStat><varFormat type="numeric"></varFormat></var><var ID="v48" name="g20"><location fileid="f"></location><labl level="variable">g20</labl><sumStat type="min">0.0</sumStat><sumStat type="invd">0.0</sumStat><sumStat type="mode">0.0</sumStat><sumStat type="medn">0.0</sumStat><sumStat type="mean">0.02272727272727231</sumStat><sumStat type="stdev">0.14906527274726084</sumStat><sumStat type="max">1.0</sumStat><sumStat type="vald">2288.0</sumStat><varFormat type="numeric"></varFormat></var><var ID="v49" name="g21"><location fileid="f"></location><labl level="variable">g21</labl><sumStat type="min">0.0</sumStat><sumStat type="invd">0.0</sumStat><sumStat type="mode">0.0</sumStat><sumStat type="medn">0.0</sumStat><sumStat type="mean">0.02272727272727231</sumStat><sumStat type="stdev">0.14906527274726064</sumStat><sumStat type="max">1.0</sumStat><sumStat type="vald">2288.0</sumStat><varFormat type="numeric"></varFormat></var><var ID="v50" name="g22"><location fileid="f"></location><labl level="variable">g22</labl><sumStat type="min">0.0</sumStat><sumStat type="invd">0.0</sumStat><sumStat type="mode">0.0</sumStat><sumStat type="medn">0.0</sumStat><sumStat type="mean">0.02272727272727231</sumStat><sumStat type="stdev">0.14906527274726042</sumStat><sumStat type="max">1.0</sumStat><sumStat type="vald">2288.0</sumStat><varFormat type="numeric"></varFormat></var><var ID="v51" name="g23"><location fileid="f"></location><labl level="variable">g23</labl><sumStat type="min">0.0</sumStat><sumStat type="invd">0.0</sumStat><sumStat type="mode">0.0</sumStat><sumStat type="medn">0.0</sumStat><sumStat type="mean">0.02272727272727231</sumStat><sumStat type="stdev">0.14906527274726022</sumStat><sumStat type="max">1.0</sumStat><sumStat type="vald">2288.0</sumStat><varFormat type="numeric"></varFormat></var><var ID="v52" name="g24"><location fileid="f"></location><labl level="variable">g24</labl><sumStat type="min">0.0</sumStat><sumStat type="invd">0.0</sumStat><sumStat type="mode">0.0</sumStat><sumStat type="medn">0.0</sumStat><sumStat type="mean">0.02272727272727231</sumStat><sumStat type="stdev">0.14906527274726</sumStat><sumStat type="max">1.0</sumStat><sumStat type="vald">2288.0</sumStat><varFormat type="numeric"></varFormat></var><var ID="v53" name="g25"><location fileid="f"></location><labl level="variable">g25</labl><sumStat type="min">0.0</sumStat><sumStat type="invd">0.0</sumStat><sumStat type="mode">0.0</sumStat><sumStat type="medn">0.0</sumStat><sumStat type="mean">0.02272727272727231</sumStat><sumStat type="stdev">0.14906527274725978</sumStat><sumStat type="max">1.0</sumStat><sumStat type="vald">2288.0</sumStat><varFormat type="numeric"></varFormat></var><var ID="v54" name="g26"><location fileid="f"></location><labl level="variable">g26</labl><sumStat type="min">0.0</sumStat><sumStat type="invd">0.0</sumStat><sumStat type="mode">0.0</sumStat><sumStat type="medn">0.0</sumStat><sumStat type="mean">0.0</sumStat><sumStat type="stdev">0.0</sumStat><sumStat type="max">0.0</sumStat><sumStat type="vald">2288.0</sumStat><varFormat type="numeric"></varFormat></var><var ID="v55" name="g27"><location fileid="f"></location><labl level="variable">g27</labl><sumStat type="min">0.0</sumStat><sumStat type="invd">0.0</sumStat><sumStat type="mode">0.0</sumStat><sumStat type="medn">0.0</sumStat><sumStat type="mean">0.02272727272727231</sumStat><sumStat type="stdev">0.1490652727472596</sumStat><sumStat type="max">1.0</sumStat><sumStat type="vald">2288.0</sumStat><varFormat type="numeric"></varFormat></var><var ID="v56" name="g28"><location fileid="f"></location><labl level="variable">g28</labl><sumStat type="min">0.0</sumStat><sumStat type="invd">0.0</sumStat><sumStat type="mode">0.0</sumStat><sumStat type="medn">0.0</sumStat><sumStat type="mean">0.02272727272727231</sumStat><sumStat type="stdev">0.14906527274725936</sumStat><sumStat type="max">1.0</sumStat><sumStat type="vald">2288.0</sumStat><varFormat type="numeric"></varFormat></var><var ID="v57" name="g29"><location fileid="f"></location><labl level="variable">g29</labl><sumStat type="min">0.0</sumStat><sumStat type="invd">0.0</sumStat><sumStat type="mode">0.0</sumStat><sumStat type="medn">0.0</sumStat><sumStat type="mean">0.02272727272727231</sumStat><sumStat type="stdev">0.14906527274725914</sumStat><sumStat type="max">1.0</sumStat><sumStat type="vald">2288.0</sumStat><varFormat type="numeric"></varFormat></var><var ID="v58" name="g30"><location fileid="f"></location><labl level="variable">g30</labl><sumStat type="min">0.0</sumStat><sumStat type="invd">0.0</sumStat><sumStat type="mode">0.0</sumStat><sumStat type="medn">0.0</sumStat><sumStat type="mean">0.02272727272727231</sumStat><sumStat type="stdev">0.14906527274725895</sumStat><sumStat type="max">1.0</sumStat><sumStat type="vald">2288.0</sumStat><varFormat type="numeric"></varFormat></var><var ID="v59" name="g31"><location fileid="f"></location><labl level="variable">g31</labl><sumStat type="min">0.0</sumStat><sumStat type="invd">0.0</sumStat><sumStat type="mode">0.0</sumStat><sumStat type="medn">0.0</sumStat><sumStat type="mean">0.02272727272727231</sumStat><sumStat type="stdev">0.14906527274725873</sumStat><sumStat type="max">1.0</sumStat><sumStat type="vald">2288.0</sumStat><varFormat type="numeric"></varFormat></var><var ID="v60" name="g32"><location fileid="f"></location><labl level="variable">g32</labl><sumStat type="min">0.0</sumStat><sumStat type="invd">0.0</sumStat><sumStat type="mode">0.0</sumStat><sumStat type="medn">0.0</sumStat><sumStat type="mean">0.02272727272727231</sumStat><sumStat type="stdev">0.1490652727472585</sumStat><sumStat type="max">1.0</sumStat><sumStat type="vald">2288.0</sumStat><varFormat type="numeric"></varFormat></var><var ID="v61" name="g33"><location fileid="f"></location><labl level="variable">g33</labl><sumStat type="min">0.0</sumStat><sumStat type="invd">0.0</sumStat><sumStat type="mode">0.0</sumStat><sumStat type="medn">0.0</sumStat><sumStat type="mean">0.02272727272727231</sumStat><sumStat type="stdev">0.1490652727472583</sumStat><sumStat type="max">1.0</sumStat><sumStat type="vald">2288.0</sumStat><varFormat type="numeric"></varFormat></var><var ID="v62" name="g34"><location fileid="f"></location><labl level="variable">g34</labl><sumStat type="min">0.0</sumStat><sumStat type="invd">0.0</sumStat><sumStat type="mode">0.0</sumStat><sumStat type="medn">0.0</sumStat><sumStat type="mean">0.02272727272727231</sumStat><sumStat type="stdev">0.1490652727472581</sumStat><sumStat type="max">1.0</sumStat><sumStat type="vald">2288.0</sumStat><varFormat type="numeric"></varFormat></var><var ID="v63" name="g35"><location fileid="f"></location><labl level="variable">g35</labl><sumStat type="min">0.0</sumStat><sumStat type="invd">0.0</sumStat><sumStat type="mode">0.0</sumStat><sumStat type="medn">0.0</sumStat><sumStat type="mean">0.02272727272727231</sumStat><sumStat type="stdev">0.1490652727472579</sumStat><sumStat type="max">1.0</sumStat><sumStat type="vald">2288.0</sumStat><varFormat type="numeric"></varFormat></var><var ID="v64" name="g36"><location fileid="f"></location><labl level="variable">g36</labl><sumStat type="min">0.0</sumStat><sumStat type="invd">0.0</sumStat><sumStat type="mode">0.0</sumStat><sumStat type="medn">0.0</sumStat><sumStat type="mean">0.02272727272727231</sumStat><sumStat type="stdev">0.14906527274725767</sumStat><sumStat type="max">1.0</sumStat><sumStat type="vald">2288.0</sumStat><varFormat type="numeric"></varFormat></var><var ID="v65" name="g37"><location fileid="f"></location><labl level="variable">g37</labl><sumStat type="min">0.0</sumStat><sumStat type="invd">0.0</sumStat><sumStat type="mode">0.0</sumStat><sumStat type="medn">0.0</sumStat><sumStat type="mean">0.02272727272727231</sumStat><sumStat type="stdev">0.14906527274725745</sumStat><sumStat type="max">1.0</sumStat><sumStat type="vald">2288.0</sumStat><varFormat type="numeric"></varFormat></var><var ID="v66" name="g38"><location fileid="f"></location><labl level="variable">g38</labl><sumStat type="min">0.0</sumStat><sumStat type="invd">0.0</sumStat><sumStat type="mode">0.0</sumStat><sumStat type="medn">0.0</sumStat><sumStat type="mean">0.02272727272727231</sumStat><sumStat type="stdev">0.14906527274725725</sumStat><sumStat type="max">1.0</sumStat><sumStat type="vald">2288.0</sumStat><varFormat type="numeric"></varFormat></var><var ID="v67" name="g39"><location fileid="f"></location><labl level="variable">g39</labl><sumStat type="min">0.0</sumStat><sumStat type="invd">0.0</sumStat><sumStat type="mode">0.0</sumStat><sumStat type="medn">0.0</sumStat><sumStat type="mean">0.022727272727272294</sumStat><sumStat type="stdev">0.14906527274725703</sumStat><sumStat type="max">1.0</sumStat><sumStat type="vald">2288.0</sumStat><varFormat type="numeric"></varFormat></var><var ID="v68" name="g40"><location fileid="f"></location><labl level="variable">g40</labl><sumStat type="min">0.0</sumStat><sumStat type="invd">0.0</sumStat><sumStat type="mode">0.0</sumStat><sumStat type="medn">0.0</sumStat><sumStat type="mean">0.022727272727272273</sumStat><sumStat type="stdev">0.1490652727472568</sumStat><sumStat type="max">1.0</sumStat><sumStat type="vald">2288.0</sumStat><varFormat type="numeric"></varFormat></var><var ID="v69" name="g41"><location fileid="f"></location><labl level="variable">g41</labl><sumStat type="min">0.0</sumStat><sumStat type="invd">0.0</sumStat><sumStat type="mode">0.0</sumStat><sumStat type="medn">0.0</sumStat><sumStat type="mean">0.022727272727272253</sumStat><sumStat type="stdev">0.1490652727472566</sumStat><sumStat type="max">1.0</sumStat><sumStat type="vald">2288.0</sumStat><varFormat type="numeric"></varFormat></var><var ID="v70" name="g42"><location fileid="f"></location><labl level="variable">g42</labl><sumStat type="min">0.0</sumStat><sumStat type="invd">0.0</sumStat><sumStat type="mode">0.0</sumStat><sumStat type="medn">0.0</sumStat><sumStat type="mean">0.022727272727272235</sumStat><sumStat type="stdev">0.14906527274725637</sumStat><sumStat type="max">1.0</sumStat><sumStat type="vald">2288.0</sumStat><varFormat type="numeric"></varFormat></var><var ID="v71" name="g43"><location fileid="f"></location><labl level="variable">g43</labl><sumStat type="min">0.0</sumStat><sumStat type="invd">0.0</sumStat><sumStat type="mode">0.0</sumStat><sumStat type="medn">0.0</sumStat><sumStat type="mean">0.022727272727272225</sumStat><sumStat type="stdev">0.14906527274725614</sumStat><sumStat type="max">1.0</sumStat><sumStat type="vald">2288.0</sumStat><varFormat type="numeric"></varFormat></var><var ID="v72" name="g44"><location fileid="f"></location><labl level="variable">g44</labl><sumStat type="min">0.0</sumStat><sumStat type="invd">0.0</sumStat><sumStat type="mode">0.0</sumStat><sumStat type="medn">0.0</sumStat><sumStat type="mean">0.02272727272727221</sumStat><sumStat type="stdev">0.14906527274725592</sumStat><sumStat type="max">1.0</sumStat><sumStat type="vald">2288.0</sumStat><varFormat type="numeric"></varFormat></var><var ID="v73" name="g45"><location fileid="f"></location><labl level="variable">g45</labl><sumStat type="min">0.0</sumStat><sumStat type="invd">0.0</sumStat><sumStat type="mode">0.0</sumStat><sumStat type="medn">0.0</sumStat><sumStat type="mean">0.023164335664336323</sumStat><sumStat type="stdev">0.15045811142119023</sumStat><sumStat type="max">1.0</sumStat><sumStat type="vald">2288.0</sumStat><varFormat type="numeric"></varFormat></var><var ID="v74" name="y1"><location fileid="f"></location><labl level="variable">y1</labl><sumStat type="min">0.0</sumStat><sumStat type="invd">0.0</sumStat><sumStat type="mode">0.0</sumStat><sumStat type="medn">0.0</sumStat><sumStat type="mean">0.07648601398601394</sumStat><sumStat type="stdev">0.2658322581725411</sumStat><sumStat type="max">1.0</sumStat><sumStat type="vald">2288.0</sumStat><varFormat type="numeric"></varFormat></var><var ID="v75" name="y2"><location fileid="f"></location><labl level="variable">y2</labl><sumStat type="min">0.0</sumStat><sumStat type="invd">0.0</sumStat><sumStat type="mode">0.0</sumStat><sumStat type="medn">0.0</sumStat><sumStat type="mean">0.0769230769230769</sumStat><sumStat type="stdev">0.26652760604528225</sumStat><sumStat type="max">1.0</sumStat><sumStat type="vald">2288.0</sumStat><varFormat type="numeric"></varFormat></var><var ID="v76" name="y3"><location fileid="f"></location><labl level="variable">y3</labl><sumStat type="min">0.0</sumStat><sumStat type="invd">0.0</sumStat><sumStat type="mode">0.0</sumStat><sumStat type="medn">0.0</sumStat><sumStat type="mean">0.07692307692307691</sumStat><sumStat type="stdev">0.26652760604528225</sumStat><sumStat type="max">1.0</sumStat><sumStat type="vald">2288.0</sumStat><varFormat type="numeric"></varFormat></var><var ID="v77" name="y4"><location fileid="f"></location><labl level="variable">y4</labl><sumStat type="min">0.0</sumStat><sumStat type="invd">0.0</sumStat><sumStat type="mode">0.0</sumStat><sumStat type="medn">0.0</sumStat><sumStat type="mean">0.07692307692307693</sumStat><sumStat type="stdev">0.2665276060452823</sumStat><sumStat type="max">1.0</sumStat><sumStat type="vald">2288.0</sumStat><varFormat type="numeric"></varFormat></var><var ID="v78" name="y5"><location fileid="f"></location><labl level="variable">y5</labl><sumStat type="min">0.0</sumStat><sumStat type="invd">0.0</sumStat><sumStat type="mode">0.0</sumStat><sumStat type="medn">0.0</sumStat><sumStat type="mean">0.07692307692307694</sumStat><sumStat type="stdev">0.26652760604528236</sumStat><sumStat type="max">1.0</sumStat><sumStat type="vald">2288.0</sumStat><varFormat type="numeric"></varFormat></var><var ID="v79" name="y6"><location fileid="f"></location><labl level="variable">y6</labl><sumStat type="min">0.0</sumStat><sumStat type="invd">0.0</sumStat><sumStat type="mode">0.0</sumStat><sumStat type="medn">0.0</sumStat><sumStat type="mean">0.07692307692307696</sumStat><sumStat type="stdev">0.2665276060452824</sumStat><sumStat type="max">1.0</sumStat><sumStat type="vald">2288.0</sumStat><varFormat type="numeric"></varFormat></var><var ID="v80" name="y7"><location fileid="f"></location><labl level="variable">y7</labl><sumStat type="min">0.0</sumStat><sumStat type="invd">0.0</sumStat><sumStat type="mode">0.0</sumStat><sumStat type="medn">0.0</sumStat><sumStat type="mean">0.07692307692307696</sumStat><sumStat type="stdev">0.2665276060452825</sumStat><sumStat type="max">1.0</sumStat><sumStat type="vald">2288.0</sumStat><varFormat type="numeric"></varFormat></var><var ID="v81" name="y8"><location fileid="f"></location><labl level="variable">y8</labl><sumStat type="min">0.0</sumStat><sumStat type="invd">0.0</sumStat><sumStat type="mode">0.0</sumStat><sumStat type="medn">0.0</sumStat><sumStat type="mean">0.07692307692307696</sumStat><sumStat type="stdev">0.26652760604528253</sumStat><sumStat type="max">1.0</sumStat><sumStat type="vald">2288.0</sumStat><varFormat type="numeric"></varFormat></var><var ID="v82" name="y9"><location fileid="f"></location><labl level="variable">y9</labl><sumStat type="min">0.0</sumStat><sumStat type="invd">0.0</sumStat><sumStat type="mode">0.0</sumStat><sumStat type="medn">0.0</sumStat><sumStat type="mean">0.07692307692307694</sumStat><sumStat type="stdev">0.2665276060452826</sumStat><sumStat type="max">1.0</sumStat><sumStat type="vald">2288.0</sumStat><varFormat type="numeric"></varFormat></var><var ID="v83" name="y10"><location fileid="f"></location><labl level="variable">y10</labl><sumStat type="min">0.0</sumStat><sumStat type="invd">0.0</sumStat><sumStat type="mode">0.0</sumStat><sumStat type="medn">0.0</sumStat><sumStat type="mean">0.07692307692307691</sumStat><sumStat type="stdev">0.26652760604528264</sumStat><sumStat type="max">1.0</sumStat><sumStat type="vald">2288.0</sumStat><varFormat type="numeric"></varFormat></var><var ID="v84" name="y11"><location fileid="f"></location><labl level="variable">y11</labl><sumStat type="min">0.0</sumStat><sumStat type="invd">0.0</sumStat><sumStat type="mode">0.0</sumStat><sumStat type="medn">0.0</sumStat><sumStat type="mean">0.0769230769230769</sumStat><sumStat type="stdev">0.2665276060452827</sumStat><sumStat type="max">1.0</sumStat><sumStat type="vald">2288.0</sumStat><varFormat type="numeric"></varFormat></var><var ID="v85" name="y12"><location fileid="f"></location><labl level="variable">y12</labl><sumStat type="min">0.0</sumStat><sumStat type="invd">0.0</sumStat><sumStat type="mode">0.0</sumStat><sumStat type="medn">0.0</sumStat><sumStat type="mean">0.0769230769230769</sumStat><sumStat type="stdev">0.2665276060452827</sumStat><sumStat type="max">1.0</sumStat><sumStat type="vald">2288.0</sumStat><varFormat type="numeric"></varFormat></var><var ID="v86" name="y13"><location fileid="f"></location><labl level="variable">y13</labl><sumStat type="min">0.0</sumStat><sumStat type="invd">0.0</sumStat><sumStat type="mode">0.0</sumStat><sumStat type="medn">0.0</sumStat><sumStat type="mean">0.07692307692307687</sumStat><sumStat type="stdev">0.26652760604528275</sumStat><sumStat type="max">1.0</sumStat><sumStat type="vald">2288.0</sumStat><varFormat type="numeric"></varFormat></var></dataDscr></codeBook>